# JRE version: OpenJDK Runtime Environment (8.0_242-b01) (build 1.8.0_242-release-1644-b01)
# Java VM: OpenJDK 64-Bit Server VM (25.242-b01 mixed mode windows-amd64 compressed oops)
Heap:
 PSYoungGen      total 71680K, used 16204K [0x00000000d5c00000, 0x00000000dc400000, 0x0000000100000000)
  eden space 66560K, 24% used [0x00000000d5c00000,0x00000000d6bd3348,0x00000000d9d00000)
  from space 5120K, 0% used [0x00000000d9d00000,0x00000000d9d00000,0x00000000da200000)
  to   space 5120K, 0% used [0x00000000da200000,0x00000000da200000,0x00000000da700000)
 ParOldGen       total 66560K, used 27520K [0x0000000081400000, 0x0000000085500000, 0x00000000d5c00000)
  object space 66560K, 41% used [0x0000000081400000,0x0000000082ee02e0,0x0000000085500000)
 Metaspace       used 36559K, capacity 37166K, committed 37464K, reserved 1083392K
  class space    used 4636K, capacity 4792K, committed 4864K, reserved 1048576K
GC Heap History (10 events):
Event: 2.082 GC heap before
{Heap before GC invocations=3 (full 0):
 PSYoungGen      total 71680K, used 25484K [0x00000000d5c00000, 0x00000000da700000, 0x0000000100000000)
  eden space 66560K, 30% used [0x00000000d5c00000,0x00000000d6fe9828,0x00000000d9d00000)
  from space 5120K, 99% used [0x00000000da200000,0x00000000da6f9b58,0x00000000da700000)
  to   space 5120K, 0% used [0x00000000d9d00000,0x00000000d9d00000,0x00000000da200000)
 ParOldGen       total 87552K, used 7846K [0x0000000081400000, 0x0000000086980000, 0x00000000d5c00000)
  object space 87552K, 8% used [0x0000000081400000,0x0000000081ba9b60,0x0000000086980000)
 Metaspace       used 20797K, capacity 21204K, committed 21248K, reserved 1069056K
  class space    used 2451K, capacity 2558K, committed 2560K, reserved 1048576K
Event: 2.095 GC heap after
Heap after GC invocations=3 (full 0):
 PSYoungGen      total 71680K, used 5097K [0x00000000d5c00000, 0x00000000da700000, 0x0000000100000000)
  eden space 66560K, 0% used [0x00000000d5c00000,0x00000000d5c00000,0x00000000d9d00000)
  from space 5120K, 99% used [0x00000000d9d00000,0x00000000da1fa4a8,0x00000000da200000)
  to   space 5120K, 0% used [0x00000000da200000,0x00000000da200000,0x00000000da700000)
 ParOldGen       total 87552K, used 12331K [0x0000000081400000, 0x0000000086980000, 0x00000000d5c00000)
  object space 87552K, 14% used [0x0000000081400000,0x000000008200ae78,0x0000000086980000)
 Metaspace       used 20797K, capacity 21204K, committed 21248K, reserved 1069056K
  class space    used 2451K, capacity 2558K, committed 2560K, reserved 1048576K
}
Event: 2.095 GC heap before
{Heap before GC invocations=4 (full 1):
 PSYoungGen      total 71680K, used 5097K [0x00000000d5c00000, 0x00000000da700000, 0x0000000100000000)
  eden space 66560K, 0% used [0x00000000d5c00000,0x00000000d5c00000,0x00000000d9d00000)
  from space 5120K, 99% used [0x00000000d9d00000,0x00000000da1fa4a8,0x00000000da200000)
  to   space 5120K, 0% used [0x00000000da200000,0x00000000da200000,0x00000000da700000)
 ParOldGen       total 87552K, used 12331K [0x0000000081400000, 0x0000000086980000, 0x00000000d5c00000)
  object space 87552K, 14% used [0x0000000081400000,0x000000008200ae78,0x0000000086980000)
 Metaspace       used 20797K, capacity 21204K, committed 21248K, reserved 1069056K
  class space    used 2451K, capacity 2558K, committed 2560K, reserved 1048576K
Event: 2.141 GC heap after
Heap after GC invocations=4 (full 1):
 PSYoungGen      total 71680K, used 0K [0x00000000d5c00000, 0x00000000da700000, 0x0000000100000000)
  eden space 66560K, 0% used [0x00000000d5c00000,0x00000000d5c00000,0x00000000d9d00000)
  from space 5120K, 0% used [0x00000000d9d00000,0x00000000d9d00000,0x00000000da200000)
  to   space 5120K, 0% used [0x00000000da200000,0x00000000da200000,0x00000000da700000)
 ParOldGen       total 66560K, used 9622K [0x0000000081400000, 0x0000000085500000, 0x00000000d5c00000)
  object space 66560K, 14% used [0x0000000081400000,0x0000000081d659f8,0x0000000085500000)
 Metaspace       used 20797K, capacity 21204K, committed 21248K, reserved 1069056K
  class space    used 2451K, capacity 2558K, committed 2560K, reserved 1048576K
}
Event: 3.768 GC heap before
{Heap before GC invocations=5 (full 1):
 PSYoungGen      total 71680K, used 66560K [0x00000000d5c00000, 0x00000000da700000, 0x0000000100000000)
  eden space 66560K, 100% used [0x00000000d5c00000,0x00000000d9d00000,0x00000000d9d00000)
  from space 5120K, 0% used [0x00000000d9d00000,0x00000000d9d00000,0x00000000da200000)
  to   space 5120K, 0% used [0x00000000da200000,0x00000000da200000,0x00000000da700000)
 ParOldGen       total 66560K, used 9622K [0x0000000081400000, 0x0000000085500000, 0x00000000d5c00000)
  object space 66560K, 14% used [0x0000000081400000,0x0000000081d659f8,0x0000000085500000)
 Metaspace       used 30017K, capacity 30607K, committed 30976K, reserved 1077248K
  class space    used 3623K, capacity 3801K, committed 3840K, reserved 1048576K
Event: 3.784 GC heap after
Heap after GC invocations=5 (full 1):
 PSYoungGen      total 71680K, used 5090K [0x00000000d5c00000, 0x00000000dc400000, 0x0000000100000000)
  eden space 66560K, 0% used [0x00000000d5c00000,0x00000000d5c00000,0x00000000d9d00000)
  from space 5120K, 99% used [0x00000000da200000,0x00000000da6f8918,0x00000000da700000)
  to   space 5120K, 0% used [0x00000000d9d00000,0x00000000d9d00000,0x00000000da200000)
 ParOldGen       total 66560K, used 20992K [0x0000000081400000, 0x0000000085500000, 0x00000000d5c00000)
  object space 66560K, 31% used [0x0000000081400000,0x00000000828801d0,0x0000000085500000)
 Metaspace       used 30017K, capacity 30607K, committed 30976K, reserved 1077248K
  class space    used 3623K, capacity 3801K, committed 3840K, reserved 1048576K
}
Event: 4.434 GC heap before
{Heap before GC invocations=6 (full 1):
 PSYoungGen      total 71680K, used 27932K [0x00000000d5c00000, 0x00000000dc400000, 0x0000000100000000)
  eden space 66560K, 34% used [0x00000000d5c00000,0x00000000d724e800,0x00000000d9d00000)
  from space 5120K, 99% used [0x00000000da200000,0x00000000da6f8918,0x00000000da700000)
  to   space 5120K, 0% used [0x00000000d9d00000,0x00000000d9d00000,0x00000000da200000)
 ParOldGen       total 66560K, used 20992K [0x0000000081400000, 0x0000000085500000, 0x00000000d5c00000)
  object space 66560K, 31% used [0x0000000081400000,0x00000000828801d0,0x0000000085500000)
 Metaspace       used 34611K, capacity 35232K, committed 35416K, reserved 1081344K
  class space    used 4415K, capacity 4585K, committed 4608K, reserved 1048576K
Event: 4.445 GC heap after
Heap after GC invocations=6 (full 1):
 PSYoungGen      total 71680K, used 5099K [0x00000000d5c00000, 0x00000000dc400000, 0x0000000100000000)
  eden space 66560K, 0% used [0x00000000d5c00000,0x00000000d5c00000,0x00000000d9d00000)
  from space 5120K, 99% used [0x00000000d9d00000,0x00000000da1fadd8,0x00000000da200000)
  to   space 5120K, 0% used [0x00000000da200000,0x00000000da200000,0x00000000da700000)
 ParOldGen       total 66560K, used 26738K [0x0000000081400000, 0x0000000085500000, 0x00000000d5c00000)
  object space 66560K, 40% used [0x0000000081400000,0x0000000082e1cbd0,0x0000000085500000)
 Metaspace       used 34611K, capacity 35232K, committed 35416K, reserved 1081344K
  class space    used 4415K, capacity 4585K, committed 4608K, reserved 1048576K
}
Event: 4.445 GC heap before
{Heap before GC invocations=7 (full 2):
 PSYoungGen      total 71680K, used 5099K [0x00000000d5c00000, 0x00000000dc400000, 0x0000000100000000)
  eden space 66560K, 0% used [0x00000000d5c00000,0x00000000d5c00000,0x00000000d9d00000)
  from space 5120K, 99% used [0x00000000d9d00000,0x00000000da1fadd8,0x00000000da200000)
  to   space 5120K, 0% used [0x00000000da200000,0x00000000da200000,0x00000000da700000)
 ParOldGen       total 66560K, used 26738K [0x0000000081400000, 0x0000000085500000, 0x00000000d5c00000)
  object space 66560K, 40% used [0x0000000081400000,0x0000000082e1cbd0,0x0000000085500000)
 Metaspace       used 34611K, capacity 35232K, committed 35416K, reserved 1081344K
  class space    used 4415K, capacity 4585K, committed 4608K, reserved 1048576K
Event: 4.547 GC heap after
Heap after GC invocations=7 (full 2):
 PSYoungGen      total 71680K, used 0K [0x00000000d5c00000, 0x00000000dc400000, 0x0000000100000000)
  eden space 66560K, 0% used [0x00000000d5c00000,0x00000000d5c00000,0x00000000d9d00000)
  from space 5120K, 0% used [0x00000000d9d00000,0x00000000d9d00000,0x00000000da200000)
  to   space 5120K, 0% used [0x00000000da200000,0x00000000da200000,0x00000000da700000)
 ParOldGen       total 66560K, used 27520K [0x0000000081400000, 0x0000000085500000, 0x00000000d5c00000)
  object space 66560K, 41% used [0x0000000081400000,0x0000000082ee02e0,0x0000000085500000)
 Metaspace       used 34611K, capacity 35232K, committed 35416K, reserved 1081344K
  class space    used 4415K, capacity 4585K, committed 4608K, reserved 1048576K
}

