# JRE version: OpenJDK Runtime Environment (8.0_242-b01) (build 1.8.0_242-release-1644-b01)
# Java VM: OpenJDK 64-Bit Server VM (25.242-b01 mixed mode windows-amd64 compressed oops)
Heap:
 PSYoungGen      total 83968K, used 54896K [0x00000000d6300000, 0x00000000de200000, 0x0000000100000000)
  eden space 67584K, 81% used [0x00000000d6300000,0x00000000d989c018,0x00000000da500000)
  from space 16384K, 0% used [0x00000000db480000,0x00000000db480000,0x00000000dc480000)
  to   space 15872K, 0% used [0x00000000da500000,0x00000000da500000,0x00000000db480000)
 ParOldGen       total 110080K, used 16799K [0x0000000082800000, 0x0000000089380000, 0x00000000d6300000)
  object space 110080K, 15% used [0x0000000082800000,0x0000000083867c88,0x0000000089380000)
 Metaspace       used 39433K, capacity 40158K, committed 40496K, reserved 1085440K
  class space    used 4973K, capacity 5138K, committed 5168K, reserved 1048576K
GC Heap History (10 events):
Event: 5.006 GC heap before
{Heap before GC invocations=4 (full 1):
 PSYoungGen      total 37888K, used 5106K [0x00000000d6300000, 0x00000000dad00000, 0x0000000100000000)
  eden space 32768K, 0% used [0x00000000d6300000,0x00000000d6300000,0x00000000d8300000)
  from space 5120K, 99% used [0x00000000d8300000,0x00000000d87fc9d0,0x00000000d8800000)
  to   space 5120K, 0% used [0x00000000da800000,0x00000000da800000,0x00000000dad00000)
 ParOldGen       total 86016K, used 12277K [0x0000000082800000, 0x0000000087c00000, 0x00000000d6300000)
  object space 86016K, 14% used [0x0000000082800000,0x00000000833fd430,0x0000000087c00000)
 Metaspace       used 20806K, capacity 21236K, committed 21296K, reserved 1069056K
  class space    used 2452K, capacity 2590K, committed 2608K, reserved 1048576K
Event: 5.080 GC heap after
Heap after GC invocations=4 (full 1):
 PSYoungGen      total 37888K, used 0K [0x00000000d6300000, 0x00000000dad00000, 0x0000000100000000)
  eden space 32768K, 0% used [0x00000000d6300000,0x00000000d6300000,0x00000000d8300000)
  from space 5120K, 0% used [0x00000000d8300000,0x00000000d8300000,0x00000000d8800000)
  to   space 5120K, 0% used [0x00000000da800000,0x00000000da800000,0x00000000dad00000)
 ParOldGen       total 67072K, used 9638K [0x0000000082800000, 0x0000000086980000, 0x00000000d6300000)
  object space 67072K, 14% used [0x0000000082800000,0x0000000083169838,0x0000000086980000)
 Metaspace       used 20806K, capacity 21236K, committed 21296K, reserved 1069056K
  class space    used 2452K, capacity 2590K, committed 2608K, reserved 1048576K
}
Event: 6.907 GC heap before
{Heap before GC invocations=5 (full 1):
 PSYoungGen      total 37888K, used 32768K [0x00000000d6300000, 0x00000000dad00000, 0x0000000100000000)
  eden space 32768K, 100% used [0x00000000d6300000,0x00000000d8300000,0x00000000d8300000)
  from space 5120K, 0% used [0x00000000d8300000,0x00000000d8300000,0x00000000d8800000)
  to   space 5120K, 0% used [0x00000000da800000,0x00000000da800000,0x00000000dad00000)
 ParOldGen       total 67072K, used 9638K [0x0000000082800000, 0x0000000086980000, 0x00000000d6300000)
  object space 67072K, 14% used [0x0000000082800000,0x0000000083169838,0x0000000086980000)
 Metaspace       used 24288K, capacity 24854K, committed 25136K, reserved 1071104K
  class space    used 2912K, capacity 3061K, committed 3120K, reserved 1048576K
Event: 6.922 GC heap after
Heap after GC invocations=5 (full 1):
 PSYoungGen      total 51712K, used 5088K [0x00000000d6300000, 0x00000000dad00000, 0x0000000100000000)
  eden space 46592K, 0% used [0x00000000d6300000,0x00000000d6300000,0x00000000d9080000)
  from space 5120K, 99% used [0x00000000da800000,0x00000000dacf8018,0x00000000dad00000)
  to   space 5120K, 0% used [0x00000000da300000,0x00000000da300000,0x00000000da800000)
 ParOldGen       total 67072K, used 11861K [0x0000000082800000, 0x0000000086980000, 0x00000000d6300000)
  object space 67072K, 17% used [0x0000000082800000,0x0000000083395678,0x0000000086980000)
 Metaspace       used 24288K, capacity 24854K, committed 25136K, reserved 1071104K
  class space    used 2912K, capacity 3061K, committed 3120K, reserved 1048576K
}
Event: 9.273 GC heap before
{Heap before GC invocations=6 (full 1):
 PSYoungGen      total 51712K, used 51680K [0x00000000d6300000, 0x00000000dad00000, 0x0000000100000000)
  eden space 46592K, 100% used [0x00000000d6300000,0x00000000d9080000,0x00000000d9080000)
  from space 5120K, 99% used [0x00000000da800000,0x00000000dacf8018,0x00000000dad00000)
  to   space 5120K, 0% used [0x00000000da300000,0x00000000da300000,0x00000000da800000)
 ParOldGen       total 67072K, used 11861K [0x0000000082800000, 0x0000000086980000, 0x00000000d6300000)
  object space 67072K, 17% used [0x0000000082800000,0x0000000083395678,0x0000000086980000)
 Metaspace       used 32246K, capacity 32795K, committed 32944K, reserved 1077248K
  class space    used 4097K, capacity 4251K, committed 4272K, reserved 1048576K
Event: 9.307 GC heap after
Heap after GC invocations=6 (full 1):
 PSYoungGen      total 70656K, used 5090K [0x00000000d6300000, 0x00000000dc480000, 0x0000000100000000)
  eden space 65536K, 0% used [0x00000000d6300000,0x00000000d6300000,0x00000000da300000)
  from space 5120K, 99% used [0x00000000da300000,0x00000000da7f8918,0x00000000da800000)
  to   space 16384K, 0% used [0x00000000db480000,0x00000000db480000,0x00000000dc480000)
 ParOldGen       total 67072K, used 23614K [0x0000000082800000, 0x0000000086980000, 0x00000000d6300000)
  object space 67072K, 35% used [0x0000000082800000,0x0000000083f0fbb0,0x0000000086980000)
 Metaspace       used 32246K, capacity 32795K, committed 32944K, reserved 1077248K
  class space    used 4097K, capacity 4251K, committed 4272K, reserved 1048576K
}
Event: 9.903 GC heap before
{Heap before GC invocations=7 (full 1):
 PSYoungGen      total 70656K, used 14226K [0x00000000d6300000, 0x00000000dc480000, 0x0000000100000000)
  eden space 65536K, 13% used [0x00000000d6300000,0x00000000d6bebf18,0x00000000da300000)
  from space 5120K, 99% used [0x00000000da300000,0x00000000da7f8918,0x00000000da800000)
  to   space 16384K, 0% used [0x00000000db480000,0x00000000db480000,0x00000000dc480000)
 ParOldGen       total 67072K, used 23614K [0x0000000082800000, 0x0000000086980000, 0x00000000d6300000)
  object space 67072K, 35% used [0x0000000082800000,0x0000000083f0fbb0,0x0000000086980000)
 Metaspace       used 34672K, capacity 35206K, committed 35496K, reserved 1081344K
  class space    used 4424K, capacity 4580K, committed 4656K, reserved 1048576K
Event: 9.918 GC heap after
Heap after GC invocations=7 (full 1):
 PSYoungGen      total 83968K, used 7569K [0x00000000d6300000, 0x00000000de200000, 0x0000000100000000)
  eden space 67584K, 0% used [0x00000000d6300000,0x00000000d6300000,0x00000000da500000)
  from space 16384K, 46% used [0x00000000db480000,0x00000000dbbe4600,0x00000000dc480000)
  to   space 15872K, 0% used [0x00000000da500000,0x00000000da500000,0x00000000db480000)
 ParOldGen       total 67072K, used 23622K [0x0000000082800000, 0x0000000086980000, 0x00000000d6300000)
  object space 67072K, 35% used [0x0000000082800000,0x0000000083f11bb0,0x0000000086980000)
 Metaspace       used 34672K, capacity 35206K, committed 35496K, reserved 1081344K
  class space    used 4424K, capacity 4580K, committed 4656K, reserved 1048576K
}
Event: 9.918 GC heap before
{Heap before GC invocations=8 (full 2):
 PSYoungGen      total 83968K, used 7569K [0x00000000d6300000, 0x00000000de200000, 0x0000000100000000)
  eden space 67584K, 0% used [0x00000000d6300000,0x00000000d6300000,0x00000000da500000)
  from space 16384K, 46% used [0x00000000db480000,0x00000000dbbe4600,0x00000000dc480000)
  to   space 15872K, 0% used [0x00000000da500000,0x00000000da500000,0x00000000db480000)
 ParOldGen       total 67072K, used 23622K [0x0000000082800000, 0x0000000086980000, 0x00000000d6300000)
  object space 67072K, 35% used [0x0000000082800000,0x0000000083f11bb0,0x0000000086980000)
 Metaspace       used 34672K, capacity 35206K, committed 35496K, reserved 1081344K
  class space    used 4424K, capacity 4580K, committed 4656K, reserved 1048576K
Event: 10.053 GC heap after
Heap after GC invocations=8 (full 2):
 PSYoungGen      total 83968K, used 0K [0x00000000d6300000, 0x00000000de200000, 0x0000000100000000)
  eden space 67584K, 0% used [0x00000000d6300000,0x00000000d6300000,0x00000000da500000)
  from space 16384K, 0% used [0x00000000db480000,0x00000000db480000,0x00000000dc480000)
  to   space 15872K, 0% used [0x00000000da500000,0x00000000da500000,0x00000000db480000)
 ParOldGen       total 110080K, used 16799K [0x0000000082800000, 0x0000000089380000, 0x00000000d6300000)
  object space 110080K, 15% used [0x0000000082800000,0x0000000083867c88,0x0000000089380000)
 Metaspace       used 34672K, capacity 35206K, committed 35496K, reserved 1081344K
  class space    used 4424K, capacity 4580K, committed 4656K, reserved 1048576K
}

